<?xml version="1.0" encoding="UTF-8"?>
<!-- Generated by org.testng.reporters.JUnitXMLReporter -->
<testsuite ignored="0" hostname="DESKTOP-8B0NV1L" failures="0" tests="3" name="Default test" time="12.631" errors="0" timestamp="2022-01-30T21:53:49 IST">
  <testcase classname="Assesment.FirstAssignment" name="FirstScenario" time="0.71"/>
  <testcase classname="Assesment.FirstAssignment" name="SecondScenario" time="0.635"/>
  <testcase classname="Assesment.FirstAssignment" name="ThirdScenario" time="0.754"/>
</testsuite> <!-- Default test -->
