<?xml version="1.0" encoding="UTF-8"?>
<testng-results ignored="0" total="3" passed="3" failed="0" skipped="0">
  <reporter-output>
  </reporter-output>
  <suite started-at="2022-01-30T21:53:36 IST" name="Default suite" finished-at="2022-01-30T21:53:49 IST" duration-ms="12631">
    <groups>
    </groups>
    <test started-at="2022-01-30T21:53:36 IST" name="Default test" finished-at="2022-01-30T21:53:49 IST" duration-ms="12631">
      <class name="Assesment.FirstAssignment">
        <test-method is-config="true" signature="Login()[pri:0, instance:Assesment.FirstAssignment@3427b02d]" started-at="2022-01-30T21:53:36 IST" name="Login" finished-at="2022-01-30T21:53:40 IST" duration-ms="3685" status="PASS">
          <reporter-output>
          </reporter-output>
        </test-method> <!-- Login -->
        <test-method signature="FirstScenario()[pri:0, instance:Assesment.FirstAssignment@3427b02d]" started-at="2022-01-30T21:53:40 IST" name="FirstScenario" finished-at="2022-01-30T21:53:41 IST" duration-ms="710" status="PASS">
          <reporter-output>
          </reporter-output>
        </test-method> <!-- FirstScenario -->
        <test-method is-config="true" signature="Checkout()[pri:0, instance:Assesment.FirstAssignment@3427b02d]" started-at="2022-01-30T21:53:41 IST" name="Checkout" finished-at="2022-01-30T21:53:42 IST" duration-ms="826" status="PASS">
          <reporter-output>
          </reporter-output>
        </test-method> <!-- Checkout -->
        <test-method is-config="true" signature="Login()[pri:0, instance:Assesment.FirstAssignment@3427b02d]" started-at="2022-01-30T21:53:42 IST" name="Login" finished-at="2022-01-30T21:53:44 IST" duration-ms="2169" status="PASS">
          <reporter-output>
          </reporter-output>
        </test-method> <!-- Login -->
        <test-method signature="SecondScenario()[pri:0, instance:Assesment.FirstAssignment@3427b02d]" started-at="2022-01-30T21:53:44 IST" name="SecondScenario" finished-at="2022-01-30T21:53:44 IST" duration-ms="635" status="PASS">
          <reporter-output>
          </reporter-output>
        </test-method> <!-- SecondScenario -->
        <test-method is-config="true" signature="Checkout()[pri:0, instance:Assesment.FirstAssignment@3427b02d]" started-at="2022-01-30T21:53:44 IST" name="Checkout" finished-at="2022-01-30T21:53:45 IST" duration-ms="775" status="PASS">
          <reporter-output>
          </reporter-output>
        </test-method> <!-- Checkout -->
        <test-method is-config="true" signature="Login()[pri:0, instance:Assesment.FirstAssignment@3427b02d]" started-at="2022-01-30T21:53:45 IST" name="Login" finished-at="2022-01-30T21:53:47 IST" duration-ms="2241" status="PASS">
          <reporter-output>
          </reporter-output>
        </test-method> <!-- Login -->
        <test-method signature="ThirdScenario()[pri:0, instance:Assesment.FirstAssignment@3427b02d]" started-at="2022-01-30T21:53:47 IST" name="ThirdScenario" finished-at="2022-01-30T21:53:48 IST" duration-ms="754" status="PASS">
          <reporter-output>
          </reporter-output>
        </test-method> <!-- ThirdScenario -->
        <test-method is-config="true" signature="Checkout()[pri:0, instance:Assesment.FirstAssignment@3427b02d]" started-at="2022-01-30T21:53:48 IST" name="Checkout" finished-at="2022-01-30T21:53:49 IST" duration-ms="777" status="PASS">
          <reporter-output>
          </reporter-output>
        </test-method> <!-- Checkout -->
      </class> <!-- Assesment.FirstAssignment -->
    </test> <!-- Default test -->
  </suite> <!-- Default suite -->
</testng-results>
